<?xml version="1.0" encoding="UTF-8"?>
<testng-results skipped="0" failed="0" total="1" passed="1">
  <reporter-output>
  </reporter-output>
  <suite name="Stel Test Suite" duration-ms="17808" started-at="2022-08-25T02:12:46Z" finished-at="2022-08-25T02:13:04Z">
    <groups>
      <group name="cucumber">
        <method signature="AbstractTestNGCucumberTests.feature(cucumber.api.testng.CucumberFeatureWrapper)[pri:0, instance:runners.SanityRunner@548a9f61]" name="feature" class="cucumber.api.testng.AbstractTestNGCucumberTests"/>
      </group> <!-- cucumber -->
    </groups>
    <test name="Stel Testing" duration-ms="17808" started-at="2022-08-25T02:12:46Z" finished-at="2022-08-25T02:13:04Z">
      <class name="runners.SanityRunner">
        <test-method status="PASS" signature="setUpClass()[pri:0, instance:runners.SanityRunner@548a9f61]" test-instance-name="" name="setUpClass" is-config="true" duration-ms="181" started-at="2022-08-25T10:12:46Z" finished-at="2022-08-25T10:12:47Z">
          <reporter-output>
          </reporter-output>
        </test-method> <!-- setUpClass -->
        <test-method name="feature" test-instance-name="" signature="feature(cucumber.api.testng.CucumberFeatureWrapper)[pri:0, instance:runners.SanityRunner@548a9f61]" status="PASS" duration-ms="17539" finished-at="2022-08-25T10:13:04Z" started-at="2022-08-25T10:12:47Z" data-provider="features" description="Runs Cucumber Feature">
          <params>
            <param index="0">
              <value>
                <![CDATA[To do basic actions on to do list]]>
              </value>
            </param>
          </params>
          <reporter-output>
          </reporter-output>
        </test-method> <!-- feature -->
        <test-method status="PASS" signature="tearDownClass()[pri:0, instance:runners.SanityRunner@548a9f61]" test-instance-name="" name="tearDownClass" is-config="true" duration-ms="40" started-at="2022-08-25T10:13:04Z" finished-at="2022-08-25T10:13:04Z">
          <reporter-output>
          </reporter-output>
        </test-method> <!-- tearDownClass -->
      </class> <!-- runners.SanityRunner -->
    </test> <!-- Stel Testing -->
  </suite> <!-- Stel Test Suite -->
</testng-results>
